<?xml version="1.0" encoding="UTF-8"?>
<!-- Generated by org.testng.reporters.JUnitReportReporter -->
<testsuite skipped="0" hostname="WKWIN9326287" name="com.test.GoogleTest2" tests="1" failures="0" timestamp="14 Aug 2019 12:37:20 GMT" time="30.776" errors="0">
  <testcase name="search" time="30.776" classname="com.test.GoogleTest2"/>
</testsuite> <!-- com.test.GoogleTest2 -->
