<?xml version="1.0" encoding="UTF-8"?>
<!-- Generated by org.testng.reporters.JUnitReportReporter -->
<testsuite skipped="0" hostname="WKWIN9326287" name="com.test.GoogleTest2" tests="1" failures="0" timestamp="11 Aug 2019 05:14:54 GMT" time="15.322" errors="0">
  <testcase name="search" time="15.322" classname="com.test.GoogleTest2"/>
</testsuite> <!-- com.test.GoogleTest2 -->
